<?xml version="1.0" encoding="UTF-8"?>
<!-- Generated by org.testng.reporters.JUnitReportReporter -->
<testsuite hostname="LAPTOP-9GECL9UO" failures="0" tests="1" name="testCases.TC101_SignUpTest" time="3.815" errors="0" timestamp="2024-12-16T19:03:43 IST" skipped="0">
  <testcase classname="testCases.TC101_SignUpTest" name="testSignUpRedirection" time="3.815"/>
</testsuite> <!-- testCases.TC101_SignUpTest -->
