<?xml version="1.0" encoding="UTF-8"?>
<!-- Generated by org.testng.reporters.JUnitReportReporter -->
<testsuite hostname="LAPTOP-9GECL9UO" failures="0" tests="2" name="testCases.TC105_ContactEditingTest" time="32.195" errors="0" timestamp="2024-12-19T22:09:21 IST" skipped="0">
  <testcase classname="testCases.TC105_ContactEditingTest" name="testContactsEditing" time="21.398"/>
  <testcase classname="testCases.TC105_ContactEditingTest" name="TestEmptyfields" time="10.797"/>
</testsuite> <!-- testCases.TC105_ContactEditingTest -->
