<?xml version="1.0" encoding="UTF-8"?>
<!-- Generated by org.testng.reporters.JUnitReportReporter -->
<testsuite hostname="LAPTOP-9GECL9UO" failures="0" tests="2" name="testCases.TC104_ContactsDisplayTest" time="18.408" errors="0" timestamp="2024-12-19T20:09:28 IST" skipped="0">
  <testcase classname="testCases.TC104_ContactsDisplayTest" name="testContactsAlphabeticalOrder" time="15.175"/>
  <testcase classname="testCases.TC104_ContactsDisplayTest" name="testPhonenumberwithExtension" time="3.233"/>
</testsuite> <!-- testCases.TC104_ContactsDisplayTest -->
