<?xml version="1.0" encoding="UTF-8"?>
<!-- Generated by org.testng.reporters.JUnitReportReporter -->
<testsuite hostname="LAPTOP-9GECL9UO" failures="0" tests="1" name="testCases.TC106_ContactDeleteTest" time="11.515" errors="0" timestamp="2024-12-19T22:30:54 IST" skipped="0">
  <testcase classname="testCases.TC106_ContactDeleteTest" name="testContactDelete" time="11.515"/>
</testsuite> <!-- testCases.TC106_ContactDeleteTest -->
