<?xml version="1.0" encoding="UTF-8"?>
<!-- Generated by org.testng.reporters.JUnitReportReporter -->
<testsuite hostname="LAPTOP-9GECL9UO" failures="0" tests="1" name="testCases.TC107_LogoutTest" time="7.687" errors="0" timestamp="2024-12-19T22:49:55 IST" skipped="0">
  <testcase classname="testCases.TC107_LogoutTest" name="testLogout" time="7.687"/>
</testsuite> <!-- testCases.TC107_LogoutTest -->
