<?xml version="1.0" encoding="UTF-8"?>
<!-- Generated by org.testng.reporters.JUnitReportReporter -->
<testsuite hostname="LAPTOP-9GECL9UO" failures="0" tests="2" name="testCases.TC102_LoginTest" time="11.234" errors="0" timestamp="2024-12-16T18:54:23 IST" skipped="0">
  <testcase classname="testCases.TC102_LoginTest" name="testValidLoginPage" time="7.927"/>
  <testcase classname="testCases.TC102_LoginTest" name="testInvalidLogin" time="3.307"/>
</testsuite> <!-- testCases.TC102_LoginTest -->
