<?xml version="1.0" encoding="UTF-8"?>
<!-- Generated by org.testng.reporters.JUnitReportReporter -->
<testsuite hostname="LAPTOP-9GECL9UO" failures="0" tests="1" name="testCases.TC101_SignUpTest" time="3.891" errors="0" timestamp="2024-12-19T23:09:31 IST" skipped="0">
  <testcase classname="testCases.TC101_SignUpTest" name="testSignUpRedirection" time="3.891"/>
</testsuite> <!-- testCases.TC101_SignUpTest -->
