<?xml version="1.0" encoding="UTF-8"?>
<!-- Generated by org.testng.reporters.JUnitReportReporter -->
<testsuite hostname="LAPTOP-9GECL9UO" failures="0" tests="1" name="testCases.TC107_LogoutTest" time="8.143" errors="0" timestamp="2024-12-19T23:09:31 IST" skipped="0">
  <testcase classname="testCases.TC107_LogoutTest" name="testLogout" time="8.143"/>
</testsuite> <!-- testCases.TC107_LogoutTest -->
