<?xml version="1.0" encoding="UTF-8"?>
<!-- Generated by org.testng.reporters.JUnitReportReporter -->
<testsuite hostname="LAPTOP-9GECL9UO" failures="0" tests="2" name="testCases.TC104_ContactsDisplayTest" time="17.350" errors="0" timestamp="2024-12-19T23:09:31 IST" skipped="0">
  <testcase classname="testCases.TC104_ContactsDisplayTest" name="testContactsAlphabeticalOrder" time="14.231"/>
  <testcase classname="testCases.TC104_ContactsDisplayTest" name="testPhonenumberwithExtension" time="3.119"/>
</testsuite> <!-- testCases.TC104_ContactsDisplayTest -->
