<?xml version="1.0" encoding="UTF-8"?>
<!-- Generated by org.testng.reporters.JUnitReportReporter -->
<testsuite hostname="LAPTOP-9GECL9UO" failures="0" tests="2" name="testCases.TC105_ContactEditingTest" time="31.935" errors="0" timestamp="2024-12-19T23:09:31 IST" skipped="0">
  <testcase classname="testCases.TC105_ContactEditingTest" name="testContactsEditing" time="22.193"/>
  <testcase classname="testCases.TC105_ContactEditingTest" name="TestEmptyfields" time="9.742"/>
</testsuite> <!-- testCases.TC105_ContactEditingTest -->
